<?xml version="1.0" encoding="UTF-8"?>
<!-- Generated by org.testng.reporters.JUnitXMLReporter -->
<testsuite ignored="2" hostname="DESKTOP-DFQ1GU9" failures="0" tests="2" name="Test1" time="18.343" errors="0" timestamp="2022-08-23T00:17:32 IST">
  <testcase classname="Test.TestNGDemo" name="googleSearch" time="9.413"/>
  <testcase classname="Test.TestNGDemo2" name="googleSearch3" time="9.584"/>
  <testcase classname="Test.TestNGDemo2" name="googleSearch2" time="0.0">
    <ignored/>
  </testcase> <!-- googleSearch2 -->
  <testcase classname="Test.TestNGDemo2" name="googleSearch" time="0.0">
    <ignored/>
  </testcase> <!-- googleSearch -->
</testsuite> <!-- Test1 -->
